\BOOKMARK [2][-]{section*.1}{Algebraicne strukture}{}% 1
\BOOKMARK [2][-]{section*.2}{Baze vektorskih prostorov}{}% 2
\BOOKMARK [2][-]{section*.3}{Dimenzija vektorskega prostora}{}% 3
\BOOKMARK [2][-]{section*.4}{Dopolnitev linearno neodvisne mno\236ce do baze}{}% 4
\BOOKMARK [2][-]{section*.5}{Vektorski podprostori}{}% 5
\BOOKMARK [2][-]{section*.6}{Prehod na novo bazo}{}% 6
\BOOKMARK [2][-]{section*.7}{Linearne preslikave}{}% 7
\BOOKMARK [2][-]{section*.8}{Matrika linearne preslikave}{}% 8
\BOOKMARK [2][-]{section*.9}{Jedro in slika}{}% 9
\BOOKMARK [2][-]{section*.10}{Rang in nicelnost}{}% 10
\BOOKMARK [2][-]{section*.11}{Ekvivalentnost matrik}{}% 11
\BOOKMARK [2][-]{section*.12}{Podobnost matrik}{}% 12
\BOOKMARK [2][-]{section*.13}{Lastni problem}{}% 13
\BOOKMARK [2][-]{section*.14}{Diagonalizacija}{}% 14
\BOOKMARK [2][-]{section*.15}{Minimalni polinom}{}% 15
\BOOKMARK [2][-]{section*.16}{Korenski podprostori}{}% 16
\BOOKMARK [2][-]{section*.17}{Jordanska koncna forma}{}% 17
\BOOKMARK [3][-]{section*.18}{Iskanje jordanskih verig}{section*.17}% 18
\BOOKMARK [2][-]{section*.19}{Funkcije matrik}{}% 19
\BOOKMARK [2][-]{section*.20}{Vektorski prostori s skalarnim produktom}{}% 20
\BOOKMARK [2][-]{section*.21}{Norma iz skalarnega produkta}{}% 21
\BOOKMARK [2][-]{section*.22}{Vektorski prostori s skalarnim produkton}{}% 22
\BOOKMARK [3][-]{section*.23}{Furierov razvoj}{section*.22}% 23
\BOOKMARK [3][-]{section*.24}{Parsevalova identiteta}{section*.22}% 24
\BOOKMARK [3][-]{section*.25}{Ortogonalna projekcija}{section*.22}% 25
\BOOKMARK [3][-]{section*.26}{Gram-Schmidtova ortogonalizacija}{section*.22}% 26
\BOOKMARK [2][-]{section*.27}{Orotogonalni komplement}{}% 27
\BOOKMARK [3][-]{section*.28}{Ortogonalni razcep}{section*.27}% 28
\BOOKMARK [2][-]{section*.29}{Linearni funkcionali}{}% 29
\BOOKMARK [3][-]{section*.30}{Reiszov izrek o reprezentaciji linearnih funkcionalov}{section*.29}% 30
\BOOKMARK [2][-]{section*.31}{Adjugirana linearna preslikava}{}% 31
\BOOKMARK [3][-]{section*.32}{Matrika adjugirane linearne preslikave}{section*.31}% 32
\BOOKMARK [3][-]{section*.33}{Adjugirana matrika}{section*.31}% 33
\BOOKMARK [3][-]{section*.34}{Lastne vrednosti adjugirane preslikave}{section*.31}% 34
\BOOKMARK [2][-]{section*.35}{Normalne matrike}{}% 35
\BOOKMARK [2][-]{section*.36}{Izometirje}{}% 36
\BOOKMARK [2][-]{section*.37}{Ortogonalne in unitarne matrike}{}% 37
\BOOKMARK [2][-]{section*.38}{Simetricnen in hermitske matrike}{}% 38
\BOOKMARK [2][-]{section*.39}{Determinanta}{}% 39
\BOOKMARK [2][-]{section*.40}{Sled}{}% 40
\BOOKMARK [2][-]{section*.41}{Transponiranje}{}% 41
